Grid(17x15):
#.#.####.#.#.##
.#.##..##.#...#
.#..#..#..#.#..
.##..##..##.#.#
....####.......
##...##...##..#
##...##...##..#
....####.......
.##..##..##.#.#
.#..#..#..#.#..
.#.##..##.#...#
#.#.####.#.#.#.
..#.#..#.#....#
##.#.##.#.####.
..#..##..#....#
#..#.##.#..#.##
#.#.####.#.#...
Vertical
Grid(13x11):
..#.....##.
.#..#..##.#
.......###.
####.##.#.#
###.###....
###.###....
####.##.#.#
.......####
.#..#..##.#
..#.....##.
..#.....##.
.#..#..##.#
.......####
Horizontal
Grid(17x15):
##.#.##...####.
#####..#...##..
##.##.#.#####.#
.##.#..##..##..
###..#.#####.#.
###..#.#####.#.
.##.#..##..##..
##.##.#.#####.#
#####..#...##..
##.#.##..#####.
...#...#....###
##.#.###.###..#
..#.###.#.#....
####...#.#.#...
.#..#....##.#.#
....####.###.##
....####.###.##
Horizontal
Grid(7x15):
...#.###.######
..##.##.##.##.#
####.#....#..#.
.#...#.#.#.##.#
.#..#.#.#######
##..#.#.#######
.#...#.#.#.##.#
Vertical
Grid(7x11):
..##..##...
..#.##.#.##
...#.#.#...
##.#.####..
...###.#.##
######.#.##
######..#.#
Vertical
Grid(15x9):
.#..###.#
.###.##.#
....###.#
.######..
...#.#.#.
...#.#.#.
.######..
....###.#
.###.##.#
.#..###.#
####...##
..##.#..#
..##....#
####...##
.#..###.#
Horizontal
Grid(7x11):
##..#######
.#..#.#..#.
##..#######
.####..##..
#....#.##.#
..##.#.##.#
#....######
Vertical
Grid(13x13):
##.###.#...##
######..##.##
######..##.##
##.###.#...##
.##.####...#.
####.##.#.#..
##..###...###
#......#.#...
#...###.##.##
.#####...##..
.##..###.....
.##.......#..
#.######.##..
Horizontal
Grid(17x17):
...#..........#..
###.###....###.##
##.###.####.###.#
..###.#.##.#.###.
...##.#.##.#.##..
#####........####
..#.#.##..##.#.#.
..#####.##.#####.
...#...####...#..
##..##..##..##..#
....#.##..##.#...
..#.####..####.#.
...##.##..##.##..
..##..........##.
.....#..##..#..#.
###.#........#.##
..#...#.##.#...#.
Vertical
Grid(11x11):
....####...
.##..##.###
.##..##.###
....####...
..#..#.....
####.#.###.
.###.###.##
...##...#..
#...####.##
..#.#######
##..####.##
Horizontal
Grid(17x11):
..#######.#
##.#.###...
##.....##.#
#.#.###...#
...#..##.#.
...#..##.#.
#.#.###...#
##.....#..#
##.#.###...
..#######.#
#.##..#.#.#
#.##.##..##
#.##.##..##
#.##..#.#.#
..#######.#
##.#.###...
##.....#..#
Horizontal
Grid(11x17):
..#...#..#...#..#
########...##.##.
.#..#.#.#.#.#####
..##...##..##....
.......##########
.#..#.##.#.#..##.
########...###..#
..##...###.##....
#....#..#.#......
##..###..#.......
##..##.##.##..##.
Vertical
Grid(13x9):
####...##
......##.
.##.#.#..
.......#.
.##.###..
.##.##.#.
#..##.##.
....#.#..
...#..#..
.##..#...
.##.###..
#..##..#.
#..##..#.
Horizontal
Grid(9x7):
##.#...
.###...
###...#
##.###.
...#...
...#.#.
###.###
....#.#
....#.#
Horizontal
Grid(9x15):
..#.#.#.......#
..#.#.#.......#
.#.#.#.#####.##
.##..###.#.####
#.######.#.#.#.
#####.####.#.##
#####.####.#.##
#.######.#.#.#.
.##..###.#.#.##
Horizontal
Grid(9x11):
..#..#.##.#
..#..#.##.#
...#.#.#.##
.#...#.....
##...##....
..#.#..#.#.
..#..#.#...
...#####...
...##.#..#.
Horizontal
Grid(17x13):
.##.######...
.....####.#..
#..##.#..#.##
.##.###.#.###
#..#.####..##
....#..#.#...
####....#....
####..##.....
.##.#....####
###.###...#..
.##......#...
.##..#..##.##
#..#..#.###..
.....###..###
....#....#.##
.##..########
.##..#.###...
Vertical
Grid(7x17):
.#.####.#.##...##
..#.##.#......#.#
..#.##.#......#.#
.#.####.#.##...##
##..##..#...#..#.
#...##...##.###..
##......##.#...#.
Horizontal
Grid(13x15):
#....##.#....##
#....#...#.#...
..##..#.#.#####
.#.##.#####.###
.#.##.#####.###
..##..#.#..####
#....#...#.#...
#....##.#....##
.###.##.#...#..
.#..###...#..##
#...#..###.#...
..###.##.##..##
#...##....#.#..
Horizontal
Grid(17x15):
.##...#.....###
#..###.#..#####
#..#......###..
.##.#####.##...
.##.#.##.#.####
.....#.##.##...
#######.####.##
.......#.####..
####..#..#.....
####...##.#....
#.##.....##.#..
....#####...#..
....#.#.###....
.##.#####.#####
.......##.#.###
#..#####.....##
#####.##.....##
Vertical
Grid(13x9):
....#.##.
##..#....
##...##.#
##......#
..#.#.##.
..#...###
......###
..#.#.##.
##......#
##...##.#
##..#....
....#.##.
####.....
Vertical
Grid(17x7):
.#..##.
#.#.###
#..#...
#...##.
####..#
#..#.##
#..#.##
####..#
....##.
#..#...
#.#.###
.#..##.
##..###
##..###
.#..##.
#.#.###
#..#...
Horizontal
Grid(13x17):
#..##..#....####.
..####..#.....##.
.#.##.#.####...##
.#....#...#...###
........#...####.
.##...#.##.##..##
#..##..##...#....
..#..#...##..#...
#..##..#...#####.
.##..##.###..#.#.
.##..##.###..#.#.
#..##..#...#####.
..#..#...##..#...
Horizontal
Grid(13x15):
#....##.####.##
#...##.######.#
.##.#.##.##.##.
..##...#....#..
#..#..#........
#.#..#.######.#
#.##..#.####.#.
###.#.##.##.##.
#..#.#........#
#..#.#........#
###.#.##.##.##.
#.##..#.####.#.
#.#..#.######.#
Horizontal
Grid(11x15):
###.....###.##.
.....##.#.#..#.
.....##.#.#..#.
###....####.##.
...#...#..##.#.
..##.#...#....#
####.##.#..#...
######.##.#.###
######.#...#.#.
...#.#.####.###
###..##...#..##
Vertical
Grid(11x17):
.###.#..####..#.#
.#...#.##########
#...###..##..#.#.
#...###..##..#.#.
.#...#.##########
.###.#..####..#.#
..###...#..###..#
..###...#..####.#
.###.#..####..#.#
.#...#.##########
#...###..##..#.#.
Horizontal
Grid(9x9):
##..##..#
...#..#..
#.##..##.
.#..##..#
##..##..#
.#..##..#
#.##..##.
.#..##..#
..##..##.
Vertical
Grid(13x13):
..#.##....#..
#.#....#.#...
....##.......
..######.....
.########.#..
#..#..#..####
##......##...
#..#..#..##..
..######..#..
.##.##.##..##
..######.....
...#..#...#..
##..##..##...
Vertical
Grid(13x17):
....#..##..#.....
.#.#.#....#.#.#..
.#.....##.....#..
...######.###....
....#.#..#.#.....
#.##..####..##.##
..#..........#...
##....#..#....###
.....#.##.#......
###...#..#...####
##.#.#.##.#.#.###
.##.########.##..
..#....##....#...
Vertical
Grid(9x15):
#..##..#.#.##..
.#.##.#..##.###
###..####.#.###
.#.##.#......#.
.#.##.#......#.
###..####.#.#.#
.#.##.#..##.###
#..##..#.#.##..
##.##.##.##..#.
Horizontal
Grid(7x15):
....#..##...###
......###.#.###
.##.###....#.##
....###.#..#.#.
....#.#.#.##.#.
#..##.#..#.##..
#..##.#..#..#..
Vertical
Grid(15x15):
###.###..#.##..
..####..###....
..#..#..##.....
##.....#.....##
###......##...#
..#...#.##.###.
..#.....###..#.
..#.....###..#.
..#...#.##.###.
###......##...#
##.....#.....##
..#..#..#......
..####..###....
###.###..#.##..
#####..........
Horizontal
Grid(15x11):
...#..#....
#...##...##
##..##..###
###.##.####
...#..#...#
...#..#...#
###.##.####
##..##..###
#...##...##
...#..#....
#..#..#..##
#...##...##
#.#....#.#.
#..####..#.
##.#..#####
Horizontal
Grid(17x17):
.###..#.####.##.#
.#.#.##.##.######
####.#.##........
#..#.#.##....##..
#..#.#.##....##..
####.#.##........
.#.#.##.##.######
.###..#.####.##.#
.#.#..#.##.#....#
...###.#...#.####
##..#####.##....#
.#.##.#..#.######
.#.#.####..#....#
....##.##.#.####.
.##.##..##.#....#
....#.#.#.###..##
..##.###.....##..
Horizontal
Grid(7x7):
......#
.#....#
#..#.#.
#..#.#.
.#....#
......#
#.###.#
Horizontal
Grid(13x9):
####...##
.....####
..#..#..#
##.#.##.#
#.....#..
##.####..
..#....#.
#####..##
##.##....
##...##.#
##.#.#...
##.#.#...
##...##.#
Horizontal
Grid(11x7):
#.#.#..
#.#.#..
###..##
..##.#.
##.#...
.##..#.
###..#.
###..#.
.##..#.
#..#...
..##.#.
Horizontal
Grid(15x13):
..#.#.##.#.#.
..###.##.###.
..####..####.
..#...##...#.
##.#..##..#.#
##..........#
###.#.##.#.##
..##########.
##..........#
#.##.####.##.
######..#####
..##.####.##.
##..#.##.#..#
#####.##.####
...#..##..#..
Vertical
Grid(11x15):
#.#....#.#.....
.#.#....#.#.###
##.####.##.####
....##....##.##
.#..##..#..#...
###....####.#..
....##.....##..
#.#.##.#.##..##
##..##..##.##..
...#..#....##..
##......###..##
Vertical
Grid(15x15):
.#..###..#..###
.#..###..#..###
#.####..##.#..#
###...##.#.#.#.
.##....####....
..#......##.##.
#.####..#.#....
#...##..##..#.#
...###...#...##
.#..##.#...#...
.####.#..#..##.
.####.#..#..##.
.#..##.#...#...
...###...#...##
#...##.###..#.#
Horizontal
Grid(15x17):
######.#..#..####
##.#...###.......
#..#####.#...##.#
#..#####.#...##.#
##.#...###.......
######.#..#..####
#...#..###...#.#.
.###.####..#.#.#.
##.#.#...##.###..
...#...####...#.#
...#...####...#.#
##.#.#...##.###..
.###.####..#.#.#.
#...#..###...#.#.
######.#..#..##.#
Horizontal
Grid(17x13):
.#....#...##.
.##..#.#..#.#
#.##..#.##...
##.###.#.##..
##.###.#.##..
#.##..#.##...
.##..#.#..#.#
.#....#...##.
..##..###....
..###...#..#.
#...##..###..
.#..##.##.##.
.##.##.#...##
.#...#..#....
.#...#..#....
.##.##.#..###
.#..##.##.##.
Horizontal
Grid(13x9):
##......#
...####..
..#....#.
..#.##.#.
..#.##.#.
..##..##.
##......#
##......#
..#.##.#.
#........
##.####.#
..#....#.
##.####.#
Horizontal
Grid(15x13):
....####...##
###..#.##..##
###....##..##
....####...##
#..#.#..##.##
.#.#.#...#.##
##.#..#......
..#.##.###...
#...#.#####.#
....##..#....
###...###.###
###...###.###
....##..#....
#...#.#####.#
..#.##.###...
Horizontal
Grid(17x15):
.#.##...#.#..##
...####.###.#..
######.###..#..
....#...#.#..#.
....#...#.#..#.
######.###..#..
...####.###.#..
.#.##...#.#..##
..#.#.###......
#.#.#.##.#.###.
##....####..###
..##..#..####..
.....###..#.#.#
##.###.###....#
#.#.#.#.#..#...
#...#.#.#..#...
##.###.###....#
Horizontal
Grid(15x17):
..##..#.#...#..##
####.####..#####.
####.####..#####.
.###..#.#...#..##
#....##.##.###..#
....#.###.#...#..
#.##.#....###..##
.#......###..#...
.####.#.#.#######
##.#.#.###.#..#..
#..#.###..#.###.#
##.......##...#..
##.......##...#..
#..#.###..#.###.#
##.#.#.###.#..#..
Horizontal
Grid(15x17):
.#.#####.........
.##.#.#.#..####..
#..#.#..####..###
###.##.#....##...
###...######..###
####.##.####..###
.#.##.#.#.######.
..####.##########
..####.##########
.#.##.#.#.######.
####.##.####..###
###...######..###
.##.##.#....##...
#..#.#..####..###
.##.#.#.#..####..
Horizontal
Grid(15x17):
#.#.##.#.###..##.
..##..##..#..####
#.##..##.#.###..#
##.####.##...####
###....###..##..#
...#..#...#..####
#.#.##.#.###..##.
.##.##.##.#..#..#
##..##..###..#..#
#..#..#..##..#..#
..######...###..#
##..##..####.#..#
#..#..#..####.##.
##########.##....
##..##..###.#..#.
Vertical
Grid(9x13):
#....#...#...
.####.#......
##..###.#..#.
#....###.##.#
..##....#..#.
..##..##.##.#
.####..##..##
......#......
.#..#..######
Vertical
Grid(11x13):
###..###...#.
..##..##.##..
##.#.##..####
##.##..#####.
#.##...#.#.#.
..##...##..#.
...##..##.#..
##.#.##..###.
##...#....##.
##...#....##.
##.#.##..###.
Horizontal
Grid(15x9):
#....#.##
#.##.#..#
##..##.#.
.#..#....
.#..#..#.
##..###..
##..###..
.#..#..#.
.#..#....
##..##.#.
#.##.#..#
#....#..#
##..#####
.####...#
######.#.
Vertical
Grid(15x17):
.###..###...##.##
#..#..#..#....#..
#.#.##.#.#.###.#.
.#.#..#.#.#...###
#...##...#...#..#
###.##.###....###
...#..#...#..####
##.####.##...#.#.
...#..#...#######
..........#.###.#
.###..###.#.#.#.#
.#..##..#..###.#.
#...##...#....#.#
###.##.####.#####
###.##.####.#.###
Vertical
Grid(11x13):
.......##.#..
.#.##.#..#.##
#####..###.#.
##...###.##.#
....###.#....
.....###.##.#
...####..#...
..#.#...#...#
###..#.##.#.#
###..#.##.#.#
..#.#...#...#
Horizontal
Grid(17x7):
...##..
.#..##.
##...##
####..#
#...#.#
.....#.
..#.##.
####.##
####.##
..#.##.
...#.#.
#...#.#
####..#
##...##
.#..##.
...##..
...##..
Horizontal
Grid(7x13):
.##.#..####..
##........###
.#..#..#..#..
#.#.####.#.##
..##.##.##...
.##.#..#.##..
.#.#.##.#.#..
Vertical
Grid(13x11):
####..#####
....##.....
...####....
##.########
###.##.####
.########..
..#....#...
..##..##...
###....####
...#..#....
..#.##.#...
....##.....
#..####..##
Vertical
Grid(13x15):
#..#..##..#....
...#.##..#..###
..#####...#..##
..#####...#..##
...#.##..#..###
#..#..##..#....
##.#..#........
###..#.######..
##.#.#.##...##.
##..##..#.###..
#..##....#.....
.#..##..##.#.##
.#.##..#..##...
Horizontal
Grid(17x11):
.##.##....#
##.##.#...#
.###.#..#..
###.#.#####
##.#.#.#..#
#.#######..
#..#..#..##
#.#..####.#
#.#..####.#
#..#..#..##
#########..
##.#.#.#..#
###.#.#####
.###.#..#..
##.##.#...#
.##.##....#
.##.##....#
Horizontal
Grid(11x9):
#.#..####
###...###
#....#.##
##.######
#.##.#.##
.####.###
...###...
.#.#..#..
##.#..###
##.######
##..#####
Vertical
Grid(11x9):
...#.....
...#..#..
######...
##.#.#.##
###..#...
.#.##.#..
##.......
.#.#.####
#..##.###
.###.....
#..######
Vertical
Grid(15x9):
.#..##...
#...####.
.#.#.####
....#..##
....#..##
.#.#.####
#...####.
.#..##...
..###....
##.#..##.
.#####..#
##.....##
.##....##
.##....##
##.....#.
Horizontal
Grid(9x9):
####.#.##
.##.#....
#####..##
.....#...
.##....##
#..#.#.##
####..#..
#..#.##..
.##.####.
Vertical
Grid(9x17):
...#.#.##...##...
##....#.#.######.
##.#.#....#.##.#.
###..##.#.##..##.
###.....#########
..##.#.#...####..
.#.#.......####..
###.#.#.#...##...
##.########....##
Vertical
Grid(17x9):
###.##.#.
.#.###...
######.#.
.#.#...##
.#.#....#
######.#.
.#.###...
###.##.#.
###.#..##
..######.
#.##...##
..####.##
.#.....#.
.#.....#.
..####.##
#.##...##
..######.
Horizontal
Grid(17x15):
.#.##.#........
#####.#...##...
##.#.####.##.##
#####.#.#....#.
#.####...#..#..
..#.#####.##.##
##.#.#...#..#..
.#.#.##..#..#..
.###....#.##.#.
#..#.##.##..##.
#.#.##...#..#..
###...#..#..#..
###...#..#..#..
#.#.##...#..#..
#..#.##.##..##.
.###....#.##.#.
...#.##..#..#..
Vertical
Grid(13x9):
###.....#
#.#.#.##.
#.##.##.#
...######
...######
#.##.####
#.#.#.##.
###.....#
#.##.##..
#.##.##..
###.....#
#.#.#.##.
#.##.####
Horizontal
Grid(15x15):
...#....#...#..
.####...###.#.#
####....######.
#...####...##.#
##.######.###..
#.#.####.#.##.#
...##..##...##.
..#.####.#....#
####.##.####..#
..............#
.###....###.#.#
#.###..###.##..
#.###..###.##..
.###....###.#.#
..............#
Horizontal
Grid(11x15):
#...#.####.#.#.
.#.##..##..##.#
#....######....
#.###..##..###.
##.#.#....#.#.#
..#.##.##.##.#.
..#.##.##.##.#.
##.#.#....#.#.#
#.###..##..###.
#....######....
.#.##..##..##.#
Horizontal
Grid(7x7):
###....
...####
##.....
#...##.
#..####
###....
..#####
Vertical
Grid(15x17):
......##.#.##.#.#
..#####.##....##.
##.#..#.#.####.#.
..##.####..##..##
####..#.#..##..#.
##.#...#........#
..##...#...##...#
####...#.#.##.#.#
###...##..#..#..#
###.#####..##..##
....###.##....##.
....#..##.#..#..#
..#.##..#......#.
...#.#.....##....
..#...###..##..##
Vertical
Grid(11x15):
###.#########.#
...######..#.#.
...######..#.#.
###.#########.#
..#.....###.###
.##.###.#..#...
....#.#...#.#.#
#####.#...##.#.
#.##.##.##.####
#.##.##.#..####
#####.#...##.#.
Horizontal
Grid(13x11):
####.#.##.#
##.#.##..##
##.#.##..##
###..#.##.#
..####.##.#
##.#...##..
#.#.#######
#......##..
.#...#.##.#
.#.##.#..#.
.#....####.
##...##..##
.#..###..##
Vertical
Grid(9x13):
##......##.##
#####..##.###
..#..###.####
####.....####
####..###...#
##.#.#...#...
#####.##...##
..###.#####..
##.##.....###
Vertical
Grid(15x11):
.###..##..#
.###..##..#
...##...##.
..##.#.####
##.#.##.#..
.##...#..##
##.#.#.###.
##..##..##.
##.....##..
.##...#..#.
..##.######
..#.##.....
..#.##.....
..##.######
.###..#..#.
Horizontal
Grid(15x17):
#.####.#..##..#..
##....##..#####..
#..##..##....##..
.#.##.#..#....###
###..######..#...
##.##.###.##..#..
..#..#....#...###
.##..##.##.#.####
.##..##..##.###..
.#....#.#..#.##..
#..##..#####.#...
#..##..###.#####.
.#....#.####.##..
...##...#.#...#..
.######.####.#...
Vertical
Grid(15x13):
##....##.#.##
#..###.#.##..
.##.......##.
.##...#.#.###
.#.....#.##..
.###...#..##.
.###...#..##.
.#.....#.##..
.##...#.#.###
.##.......##.
#..###.#.##..
##....##.#.##
##....##.#.##
#..#.#.#.##..
.##.......##.
Horizontal
Grid(15x17):
##..##...##.#..#.
##..##...##.#..#.
#.##.###.#.##..#.
#....########.##.
........#.###.###
.####..####.#.#..
#....##.#...#..##
##..###..#..#..##
#.##.#..###.#....
######.#..##.#.##
#.....####..##..#
..##..##...#.##..
##..###...#..##..
######.######.##.
#....######...##.
Horizontal
Grid(17x7):
.#..#.#
####...
..###.#
..###.#
.###...
.#..#.#
#.#####
..##..#
#.....#
#.#..##
#.#.###
.#.#.#.
..#.###
.....##
#......
###...#
###...#
Horizontal
Grid(17x9):
.#######.
########.
###..###.
#......##
###..###.
..#..#..#
.#....#.#
#.####.##
#.####.##
.#....#.#
..#..#..#
###..###.
#......##
###..###.
########.
.#######.
##....##.
Horizontal
Grid(13x9):
.#..####.
.#..####.
.####.#.#
..###.##.
...####.#
###.....#
.#.###.##
.....##..
.....##..
.#.###.##
###.....#
#..####.#
..###.##.
Horizontal
Grid(13x7):
....#.#
....#.#
.###.#.
.##...#
..##...
#.#..##
#####.#
#####.#
#.#..##
..##...
.##...#
.###...
....#.#
Horizontal
Grid(15x17):
#......##..#..#..
.###.##.##.#..#.#
#......#.#..##..#
#.#..#.#..######.
........##.####.#
##....##.##.##.##
#.#..#.#.#..##..#
#.#..#.###..##..#
###..####.######.
..####..#.#....#.
#.#..#.####.##.##
###..######....##
.#.##.#.##.#..#.#
.#....#..#..##..#
#.####.##.#....#.
Vertical
Grid(17x17):
#.#...####.#.####
#.#...##.#.#.####
.###.#.####..####
..#.#.#...##.#...
###...######.##..
#....##.#...#...#
#.#...#..#..##...
#..#.....###..#..
#.#..#..##.#.#..#
...#..##......###
##....########.##
###.#...#.....###
.#####..##..#..##
.#####..##..#..##
###.#...#.....###
##....########.##
...#..##......###
Horizontal
Grid(17x11):
#..####..##
.#.####.#..
.#..##..#..
#........##
#..####..##
.###.####..
##.#..#.###
.##.##.##..
..##..##...
#.##..##.##
#..#..#..##
#.##..##.##
.#......#..
#..####..##
###.##.####
..######...
.##....##..
Vertical
Grid(15x7):
.#..##.
.######
.#.####
.######
.#.....
.#.####
#.#####
..##..#
..#....
.##.##.
....##.
....##.
.##.##.
..#....
#.##..#
Vertical
Grid(9x11):
...####.###
#..#...#...
###.###.#.#
###.###.#.#
#..#...#...
...#.##.###
...#.##.###
#..#...#...
###.###.#.#
Horizontal
Grid(15x17):
......####..#..##
......####..#..##
#.##..##..#..#...
.####..#....#.#.#
..##.#..#..###..#
####...#.#.....#.
#.#.#..###..#....
##.#.####...###.#
.####.#...###.#.#
.##...#.#..###.##
..##..##.##..#.##
#.##.#.#.#....#..
##.#.####....##..
##.#.####....###.
#.##.#.#.#....#..
Horizontal
Grid(15x17):
#.#..#.#...#..#..
.....##..###.##.#
##...###.##......
#.##..#..##.##.##
....####.####....
####.#.#.##..#...
##.##.#..##.###..
###.#.#.##...#...
.#....#.#.###....
#..###.##........
........#...#####
........#...#####
#..###.##........
.#....#.#.###....
###.#.#.##...#...
Horizontal
Grid(13x11):
#..##..####
.#.#...####
#.#..##.##.
#..###.#..#
#.....#####
#.#....#..#
##..#.#.##.
.#..#.#.##.
#.#....#..#
#.....#####
#..###.#..#
#.#..##.##.
.#.#...####
Vertical
Grid(9x9):
.###..###
##.####.#
.#......#
.#......#
##.####.#
.###..###
..#.####.
###.##.##
..######.
Horizontal
Grid(17x13):
####..#...##.
.##.##.######
#..##..#.#..#
...##..#.#..#
.##.##.######
####..#...##.
.##.#.#.#.##.
...#.#.##.##.
#.#....#..##.
....##.#.....
.#.###..#####
.#..####..##.
..###...##..#
...##.####..#
##..####..##.
..##.##..#..#
.#....#...##.
Vertical
Grid(9x13):
#.##.###.####
#.#.##.###.##
###.#####.#..
#.#....#.#.##
..##.....#.##
##..###...###
#..#..#...#..
#..#..#...#..
.#..###...###
Vertical
Grid(7x7):
#.#####
.#.....
.#.#..#
.#..##.
.##....
..#....
.#..##.
Vertical
Grid(13x13):
..##.##.#####
####....##.##
..##.#.....#.
..###..##.#.#
#....##...###
...####...###
...#.##...###
#....##...###
..###..##.#.#
..##.#.....#.
####....##.##
..##.##.#####
..##.##.#####
Horizontal
Grid(13x7):
##.####
.#..###
.#..###
##.####
#..##..
..#.##.
.##.###
#...#..
#..####
###.#..
##...##
##..#..
#..##..
Horizontal
Grid(7x15):
.####..#####..#
#..#....#..####
#..######..#..#
#####..########
...#....#...##.
##..####..##..#
#...#..#...#..#
Vertical
Grid(7x17):
.##..##.###...##.
.##..##.###...##.
......##.###.#..#
....##...#...#..#
...#.....##.#..#.
#####.#.......#.#
.##.#.#.#...##.#.
Horizontal
Grid(15x7):
.#...##
#..####
#.#.##.
...###.
.##..##
#####..
..#....
..#....
#####..
.##..##
...###.
#.#.##.
...####
.#...##
.#...##
Horizontal
Grid(13x17):
#.##..##.#####..#
.#......#.#.##...
.#......#.#.##...
#.##..##.######.#
.##.##.##.#...#.#
####..####.#####.
...........#.##..
###....####..#.##
.#......#.###..#.
##......##..#####
#.######.#....##.
.##....##...#..#.
#.##..##.#...#...
Vertical
Grid(13x13):
####.#.#.##.#
####...######
....#........
#..#.#.#....#
#..#....####.
#..#.####..##
#..#.#..#..#.
#######..##..
#..#..##....#
######.##..##
.##..#..#....
####...##..##
.##..#.#....#
Vertical
Rows: 331 Cols: 274
Total: 33374
